<?xml version="1.0" encoding="UTF-8"?>
<!-- Generated by org.testng.reporters.JUnitXMLReporter -->
<testsuite ignored="6" hostname="subham" failures="0" tests="9" name="Test" time="0.146" errors="0" timestamp="2024-01-29T15:32:16 IST">
  <testcase classname="practice.DemoTest" name="demo1Test" time="0.012"/>
  <testcase classname="practice.DemoTest" name="demo4Test" time="0.004"/>
  <testcase classname="aftab.AdminLogout" name="logout" time="0.002"/>
  <testcase classname="practice.PracticeTest" name="practice1Test" time="0.003"/>
  <testcase classname="practice.PracticeTest" name="practice2Test" time="0.003"/>
  <testcase classname="practice.PracticeTest" name="practice4Test" time="0.003"/>
  <testcase classname="practice.SampleTest" name="sample1Test" time="0.007"/>
  <testcase classname="practice.SampleTest" name="sample2Test" time="0.001"/>
  <testcase classname="aftab.AdminLogin" name="login" time="0.007"/>
  <testcase classname="aftab.AddSpecialization" name="addSpecialization" time="0.0">
    <ignored/>
  </testcase> <!-- addSpecialization -->
  <testcase classname="practice.SampleTest" name="sample4Test" time="0.0">
    <ignored/>
  </testcase> <!-- sample4Test -->
  <testcase classname="practice.SampleTest" name="sample3Test" time="0.0">
    <ignored/>
  </testcase> <!-- sample3Test -->
  <testcase classname="practice.DemoTest" name="demo3Test" time="0.0">
    <ignored/>
  </testcase> <!-- demo3Test -->
  <testcase classname="practice.DemoTest" name="demo2Test" time="0.0">
    <ignored/>
  </testcase> <!-- demo2Test -->
  <testcase classname="practice.PracticeTest" name="practice3Test" time="0.0">
    <ignored/>
  </testcase> <!-- practice3Test -->
</testsuite> <!-- Test -->
